<?xml version="1.0" encoding="UTF-8"?>
<testsuite xmlns:xsi="http://www.w3.org/2001/XMLSchema-instance" xsi:noNamespaceSchemaLocation="https://maven.apache.org/surefire/maven-surefire-plugin/xsd/surefire-test-report.xsd" name="edu.eci.cvds.test.BibliotecaTest" time="2.204" tests="1" errors="0" skipped="0" failures="0">
  <properties>
    <property name="java.specification.version" value="16"/>
    <property name="sun.cpu.isalist" value="amd64"/>
    <property name="sun.jnu.encoding" value="Cp1252"/>
    <property name="java.class.path" value="C:\Users\jenny\OneDrive - ESCUELA COLOMBIANA DE INGENIERIA JULIO GARAVITO\Desktop\CVDS\CVDS-Project\target\test-classes;C:\Users\jenny\OneDrive - ESCUELA COLOMBIANA DE INGENIERIA JULIO GARAVITO\Desktop\CVDS\CVDS-Project\target\classes;C:\Users\jenny\.m2\repository\junit\junit\4.11\junit-4.11.jar;C:\Users\jenny\.m2\repository\org\hamcrest\hamcrest-core\1.3\hamcrest-core-1.3.jar;C:\Users\jenny\.m2\repository\javax\javaee-api\8.0\javaee-api-8.0.jar;C:\Users\jenny\.m2\repository\com\sun\mail\javax.mail\1.6.0\javax.mail-1.6.0.jar;C:\Users\jenny\.m2\repository\javax\activation\activation\1.1\activation-1.1.jar;C:\Users\jenny\.m2\repository\javax\javaee-web-api\7.0\javaee-web-api-7.0.jar;C:\Users\jenny\.m2\repository\com\google\code\gson\gson\2.8.6\gson-2.8.6.jar;C:\Users\jenny\.m2\repository\com\sun\faces\jsf-api\2.2.20\jsf-api-2.2.20.jar;C:\Users\jenny\.m2\repository\com\sun\faces\jsf-impl\2.2.20\jsf-impl-2.2.20.jar;C:\Users\jenny\.m2\repository\javax\servlet\jstl\1.2\jstl-1.2.jar;C:\Users\jenny\.m2\repository\org\primefaces\primefaces\11.0.0\primefaces-11.0.0.jar;C:\Users\jenny\.m2\repository\org\mybatis\mybatis-guice\3.10\mybatis-guice-3.10.jar;C:\Users\jenny\.m2\repository\org\mybatis\mybatis\3.4.5\mybatis-3.4.5.jar;C:\Users\jenny\.m2\repository\com\google\inject\guice\5.1.0\guice-5.1.0.jar;C:\Users\jenny\.m2\repository\javax\inject\javax.inject\1\javax.inject-1.jar;C:\Users\jenny\.m2\repository\aopalliance\aopalliance\1.0\aopalliance-1.0.jar;C:\Users\jenny\.m2\repository\com\google\guava\guava\30.1-jre\guava-30.1-jre.jar;C:\Users\jenny\.m2\repository\com\google\guava\failureaccess\1.0.1\failureaccess-1.0.1.jar;C:\Users\jenny\.m2\repository\com\google\guava\listenablefuture\9999.0-empty-to-avoid-conflict-with-guava\listenablefuture-9999.0-empty-to-avoid-conflict-with-guava.jar;C:\Users\jenny\.m2\repository\com\google\code\findbugs\jsr305\3.0.2\jsr305-3.0.2.jar;C:\Users\jenny\.m2\repository\com\google\errorprone\error_prone_annotations\2.3.4\error_prone_annotations-2.3.4.jar;C:\Users\jenny\.m2\repository\com\google\j2objc\j2objc-annotations\1.3\j2objc-annotations-1.3.jar;C:\Users\jenny\.m2\repository\org\postgresql\postgresql\42.3.3\postgresql-42.3.3.jar;C:\Users\jenny\.m2\repository\org\checkerframework\checker-qual\3.5.0\checker-qual-3.5.0.jar;C:\Users\jenny\.m2\repository\com\h2database\h2\1.4.191\h2-1.4.191.jar;C:\Users\jenny\.m2\repository\org\projectlombok\lombok\1.18.22\lombok-1.18.22.jar;C:\Users\jenny\.m2\repository\org\jetbrains\annotations\23.0.0\annotations-23.0.0.jar;C:\Users\jenny\.m2\repository\org\apache\shiro\shiro-core\1.4.0\shiro-core-1.4.0.jar;C:\Users\jenny\.m2\repository\org\apache\shiro\shiro-lang\1.4.0\shiro-lang-1.4.0.jar;C:\Users\jenny\.m2\repository\org\apache\shiro\shiro-cache\1.4.0\shiro-cache-1.4.0.jar;C:\Users\jenny\.m2\repository\org\apache\shiro\shiro-crypto-hash\1.4.0\shiro-crypto-hash-1.4.0.jar;C:\Users\jenny\.m2\repository\org\apache\shiro\shiro-crypto-core\1.4.0\shiro-crypto-core-1.4.0.jar;C:\Users\jenny\.m2\repository\org\apache\shiro\shiro-crypto-cipher\1.4.0\shiro-crypto-cipher-1.4.0.jar;C:\Users\jenny\.m2\repository\org\apache\shiro\shiro-config-core\1.4.0\shiro-config-core-1.4.0.jar;C:\Users\jenny\.m2\repository\org\apache\shiro\shiro-config-ogdl\1.4.0\shiro-config-ogdl-1.4.0.jar;C:\Users\jenny\.m2\repository\commons-beanutils\commons-beanutils\1.9.3\commons-beanutils-1.9.3.jar;C:\Users\jenny\.m2\repository\commons-collections\commons-collections\3.2.2\commons-collections-3.2.2.jar;C:\Users\jenny\.m2\repository\org\apache\shiro\shiro-event\1.4.0\shiro-event-1.4.0.jar;C:\Users\jenny\.m2\repository\org\apache\shiro\shiro-web\1.4.0\shiro-web-1.4.0.jar;C:\Users\jenny\.m2\repository\org\slf4j\slf4j-api\1.7.36\slf4j-api-1.7.36.jar;C:\Users\jenny\.m2\repository\org\slf4j\slf4j-simple\1.7.36\slf4j-simple-1.7.36.jar;C:\Users\jenny\.m2\repository\commons-logging\commons-logging\1.1.1\commons-logging-1.1.1.jar;"/>
    <property name="java.vm.vendor" value="Oracle Corporation"/>
    <property name="sun.arch.data.model" value="64"/>
    <property name="user.variant" value=""/>
    <property name="java.vendor.url" value="https://java.oracle.com/"/>
    <property name="user.timezone" value="America/Bogota"/>
    <property name="os.name" value="Windows 10"/>
    <property name="java.vm.specification.version" value="16"/>
    <property name="sun.java.launcher" value="SUN_STANDARD"/>
    <property name="user.country" value="CO"/>
    <property name="sun.boot.library.path" value="C:\Program Files\Java\jdk-16.0.1\bin"/>
    <property name="sun.java.command" value="C:\Users\jenny\AppData\Local\Temp\surefire8035941891210997331\surefirebooter16948189345297146793.jar C:\Users\jenny\AppData\Local\Temp\surefire8035941891210997331 2022-04-26T22-37-44_010-jvmRun1 surefire18144203463986761030tmp surefire_012323644381200457178tmp"/>
    <property name="jdk.debug" value="release"/>
    <property name="surefire.test.class.path" value="C:\Users\jenny\OneDrive - ESCUELA COLOMBIANA DE INGENIERIA JULIO GARAVITO\Desktop\CVDS\CVDS-Project\target\test-classes;C:\Users\jenny\OneDrive - ESCUELA COLOMBIANA DE INGENIERIA JULIO GARAVITO\Desktop\CVDS\CVDS-Project\target\classes;C:\Users\jenny\.m2\repository\junit\junit\4.11\junit-4.11.jar;C:\Users\jenny\.m2\repository\org\hamcrest\hamcrest-core\1.3\hamcrest-core-1.3.jar;C:\Users\jenny\.m2\repository\javax\javaee-api\8.0\javaee-api-8.0.jar;C:\Users\jenny\.m2\repository\com\sun\mail\javax.mail\1.6.0\javax.mail-1.6.0.jar;C:\Users\jenny\.m2\repository\javax\activation\activation\1.1\activation-1.1.jar;C:\Users\jenny\.m2\repository\javax\javaee-web-api\7.0\javaee-web-api-7.0.jar;C:\Users\jenny\.m2\repository\com\google\code\gson\gson\2.8.6\gson-2.8.6.jar;C:\Users\jenny\.m2\repository\com\sun\faces\jsf-api\2.2.20\jsf-api-2.2.20.jar;C:\Users\jenny\.m2\repository\com\sun\faces\jsf-impl\2.2.20\jsf-impl-2.2.20.jar;C:\Users\jenny\.m2\repository\javax\servlet\jstl\1.2\jstl-1.2.jar;C:\Users\jenny\.m2\repository\org\primefaces\primefaces\11.0.0\primefaces-11.0.0.jar;C:\Users\jenny\.m2\repository\org\mybatis\mybatis-guice\3.10\mybatis-guice-3.10.jar;C:\Users\jenny\.m2\repository\org\mybatis\mybatis\3.4.5\mybatis-3.4.5.jar;C:\Users\jenny\.m2\repository\com\google\inject\guice\5.1.0\guice-5.1.0.jar;C:\Users\jenny\.m2\repository\javax\inject\javax.inject\1\javax.inject-1.jar;C:\Users\jenny\.m2\repository\aopalliance\aopalliance\1.0\aopalliance-1.0.jar;C:\Users\jenny\.m2\repository\com\google\guava\guava\30.1-jre\guava-30.1-jre.jar;C:\Users\jenny\.m2\repository\com\google\guava\failureaccess\1.0.1\failureaccess-1.0.1.jar;C:\Users\jenny\.m2\repository\com\google\guava\listenablefuture\9999.0-empty-to-avoid-conflict-with-guava\listenablefuture-9999.0-empty-to-avoid-conflict-with-guava.jar;C:\Users\jenny\.m2\repository\com\google\code\findbugs\jsr305\3.0.2\jsr305-3.0.2.jar;C:\Users\jenny\.m2\repository\com\google\errorprone\error_prone_annotations\2.3.4\error_prone_annotations-2.3.4.jar;C:\Users\jenny\.m2\repository\com\google\j2objc\j2objc-annotations\1.3\j2objc-annotations-1.3.jar;C:\Users\jenny\.m2\repository\org\postgresql\postgresql\42.3.3\postgresql-42.3.3.jar;C:\Users\jenny\.m2\repository\org\checkerframework\checker-qual\3.5.0\checker-qual-3.5.0.jar;C:\Users\jenny\.m2\repository\com\h2database\h2\1.4.191\h2-1.4.191.jar;C:\Users\jenny\.m2\repository\org\projectlombok\lombok\1.18.22\lombok-1.18.22.jar;C:\Users\jenny\.m2\repository\org\jetbrains\annotations\23.0.0\annotations-23.0.0.jar;C:\Users\jenny\.m2\repository\org\apache\shiro\shiro-core\1.4.0\shiro-core-1.4.0.jar;C:\Users\jenny\.m2\repository\org\apache\shiro\shiro-lang\1.4.0\shiro-lang-1.4.0.jar;C:\Users\jenny\.m2\repository\org\apache\shiro\shiro-cache\1.4.0\shiro-cache-1.4.0.jar;C:\Users\jenny\.m2\repository\org\apache\shiro\shiro-crypto-hash\1.4.0\shiro-crypto-hash-1.4.0.jar;C:\Users\jenny\.m2\repository\org\apache\shiro\shiro-crypto-core\1.4.0\shiro-crypto-core-1.4.0.jar;C:\Users\jenny\.m2\repository\org\apache\shiro\shiro-crypto-cipher\1.4.0\shiro-crypto-cipher-1.4.0.jar;C:\Users\jenny\.m2\repository\org\apache\shiro\shiro-config-core\1.4.0\shiro-config-core-1.4.0.jar;C:\Users\jenny\.m2\repository\org\apache\shiro\shiro-config-ogdl\1.4.0\shiro-config-ogdl-1.4.0.jar;C:\Users\jenny\.m2\repository\commons-beanutils\commons-beanutils\1.9.3\commons-beanutils-1.9.3.jar;C:\Users\jenny\.m2\repository\commons-collections\commons-collections\3.2.2\commons-collections-3.2.2.jar;C:\Users\jenny\.m2\repository\org\apache\shiro\shiro-event\1.4.0\shiro-event-1.4.0.jar;C:\Users\jenny\.m2\repository\org\apache\shiro\shiro-web\1.4.0\shiro-web-1.4.0.jar;C:\Users\jenny\.m2\repository\org\slf4j\slf4j-api\1.7.36\slf4j-api-1.7.36.jar;C:\Users\jenny\.m2\repository\org\slf4j\slf4j-simple\1.7.36\slf4j-simple-1.7.36.jar;C:\Users\jenny\.m2\repository\commons-logging\commons-logging\1.1.1\commons-logging-1.1.1.jar;"/>
    <property name="sun.cpu.endian" value="little"/>
    <property name="user.home" value="C:\Users\jenny"/>
    <property name="user.language" value="es"/>
    <property name="java.specification.vendor" value="Oracle Corporation"/>
    <property name="java.version.date" value="2021-04-20"/>
    <property name="java.home" value="C:\Program Files\Java\jdk-16.0.1"/>
    <property name="file.separator" value="\"/>
    <property name="basedir" value="C:\Users\jenny\OneDrive - ESCUELA COLOMBIANA DE INGENIERIA JULIO GARAVITO\Desktop\CVDS\CVDS-Project"/>
    <property name="java.vm.compressedOopsMode" value="32-bit"/>
    <property name="line.separator" value="&#10;"/>
    <property name="java.vm.specification.vendor" value="Oracle Corporation"/>
    <property name="java.specification.name" value="Java Platform API Specification"/>
    <property name="surefire.real.class.path" value="C:\Users\jenny\AppData\Local\Temp\surefire8035941891210997331\surefirebooter16948189345297146793.jar"/>
    <property name="user.script" value=""/>
    <property name="sun.management.compiler" value="HotSpot 64-Bit Tiered Compilers"/>
    <property name="java.runtime.version" value="16.0.1+9-24"/>
    <property name="user.name" value="jenny"/>
    <property name="path.separator" value=";"/>
    <property name="os.version" value="10.0"/>
    <property name="java.runtime.name" value="Java(TM) SE Runtime Environment"/>
    <property name="file.encoding" value="Cp1252"/>
    <property name="java.vm.name" value="Java HotSpot(TM) 64-Bit Server VM"/>
    <property name="localRepository" value="C:\Users\jenny\.m2\repository"/>
    <property name="java.vendor.url.bug" value="https://bugreport.java.com/bugreport/"/>
    <property name="java.io.tmpdir" value="C:\Users\jenny\AppData\Local\Temp\"/>
    <property name="java.version" value="16.0.1"/>
    <property name="user.dir" value="C:\Users\jenny\OneDrive - ESCUELA COLOMBIANA DE INGENIERIA JULIO GARAVITO\Desktop\CVDS\CVDS-Project"/>
    <property name="os.arch" value="amd64"/>
    <property name="java.vm.specification.name" value="Java Virtual Machine Specification"/>
    <property name="sun.os.patch.level" value=""/>
    <property name="java.library.path" value="C:\Program Files\Java\jdk-16.0.1\bin;C:\WINDOWS\Sun\Java\bin;C:\WINDOWS\system32;C:\WINDOWS;C:\Program Files\Java\jdk-16.0.1\%JAVA_HOME%\bin;C:\Program Files\Common Files\Oracle\Java\javapath;C:\Users\jenny\OneDrive\Desktop\aplicaciones\Scripts\;C:\Users\jenny\OneDrive\Desktop\aplicaciones\;C:\WINDOWS\system32;C:\WINDOWS;C:\WINDOWS\System32\Wbem;C:\WINDOWS\System32\WindowsPowerShell\v1.0\;C:\WINDOWS\System32\OpenSSH\;C:\Users\jenny\;C:\Program Files\Wolfram Research\WolframScript\;C:\Program Files\Git\cmd;C:\Program Files\dotnet\;C:\Program Files (x86)\dotnet\;C:\Program Files\apache-maven-3.8.4\bin;C:\Users\jenny\AppData\Local\Microsoft\WindowsApps;;."/>
    <property name="java.vm.info" value="mixed mode, sharing"/>
    <property name="java.vendor" value="Oracle Corporation"/>
    <property name="java.vm.version" value="16.0.1+9-24"/>
    <property name="sun.io.unicode.encoding" value="UnicodeLittle"/>
    <property name="java.class.version" value="60.0"/>
  </properties>
  <testcase name="deberiaregistrarRecurso" classname="edu.eci.cvds.test.BibliotecaTest" time="1.669"/>
</testsuite>